01_ndk/app/build/intermediates/manifest_merge_blame_file/release/manifest-merger-blame-release-report.txt
1<?xml version="1.0" encoding="utf-8"?>
2<manifest xmlns:android="http://schemas.android.com/apk/res/android"
3    package="vertexacademy.com.masteringndk"
4    android:versionCode="1"
5    android:versionName="1.0" >
6
7    <uses-sdk
8        android:minSdkVersion="21"
9        android:targetSdkVersion="34" />
10    <!-- Application requires OpenGLES version 3.2 -->
11    <uses-feature android:glEsVersion="0x00030002" />
11-->src/main/AndroidManifest.xml:6:5-53
11-->src/main/AndroidManifest.xml:6:19-51
12
13    <application
13-->src/main/AndroidManifest.xml:7:5-24:19
14        android:allowBackup="true"
14-->src/main/AndroidManifest.xml:10:9-35
15        android:extractNativeLibs="true"
16        android:icon="@drawable/icon"
16-->src/main/AndroidManifest.xml:8:9-38
17        android:label="@string/app_name"
17-->src/main/AndroidManifest.xml:7:18-50
18        android:largeHeap="true" >
18-->src/main/AndroidManifest.xml:9:9-33
19        <activity
19-->src/main/AndroidManifest.xml:11:9-23:20
20            android:name="vertexacademy.com.masteringndk.App1Activity"
20-->src/main/AndroidManifest.xml:12:13-41
21            android:configChanges="orientation | keyboardHidden"
21-->src/main/AndroidManifest.xml:17:13-65
22            android:exported="true"
22-->src/main/AndroidManifest.xml:13:13-36
23            android:label="@string/app_name"
23-->src/main/AndroidManifest.xml:18:13-45
24            android:launchMode="singleTask"
24-->src/main/AndroidManifest.xml:14:13-44
25            android:screenOrientation="sensor"
25-->src/main/AndroidManifest.xml:16:13-47
26            android:theme="@android:style/Theme.NoTitleBar.Fullscreen" >
26-->src/main/AndroidManifest.xml:15:13-71
27            <intent-filter>
27-->src/main/AndroidManifest.xml:19:13-22:29
28                <action android:name="android.intent.action.MAIN" />
28-->src/main/AndroidManifest.xml:20:17-68
28-->src/main/AndroidManifest.xml:20:25-66
29
30                <category android:name="android.intent.category.LAUNCHER" />
30-->src/main/AndroidManifest.xml:21:17-76
30-->src/main/AndroidManifest.xml:21:27-74
31            </intent-filter>
32        </activity>
33    </application>
34
35</manifest>